<testsuites name="ui-components-native">
  <testsuite name="/src/Alert/Alert.spec.js" tests="1" errors="0" failures="0" skipped="0" timestamp="2018-01-26T14:11:59" time="0.299">
    <testcase classname="Alert Componenent -should render text" name="Alert Componenent -should render text" time="0.139">
    </testcase>
  </testsuite>
</testsuites>